Flutter crash report; please file at https://github.com/flutter/flutter/issues.

## command

flutter build bundle --suppress-analytics --target C:\Users\F22Labs\Desktop\FlutterProject\goal_app\lib\main.dart --filesystem-scheme org-dartlang-root --precompiled --asset-dir C:\Users\F22Labs\Desktop\FlutterProject\goal_app\build\app\intermediates\flutter\release/flutter_assets --release

## exception

FileSystemException: FileSystemException: Exists failed, path = 'C:\Users\F22Labs\Desktop\FlutterProject\goal_app\images\ic_home.svg\' (OS Error: The filename, directory name, or volume label syntax is incorrect.
, errno = 123)

```
#0      _Directory.existsSync (dart:io/directory_impl.dart:101:7)
#1      ForwardingFileSystemEntity.existsSync (package:file/src/forwarding/forwarding_file_system_entity.dart:45:33)
#2      _parseAssetsFromFolder (package:flutter_tools/src/asset.dart:577:36)
#3      _parseAssets (package:flutter_tools/src/asset.dart:534:7)
#4      _ManifestAssetBundle.build (package:flutter_tools/src/asset.dart:125:53)
<asynchronous suspension>
#5      buildAssets (package:flutter_tools/src/bundle.dart:150:40)
<asynchronous suspension>
#6      build (package:flutter_tools/src/bundle.dart:119:36)
<asynchronous suspension>
#7      BuildBundleCommand.runCommand (package:flutter_tools/src/commands/build_bundle.dart:89:11)
<asynchronous suspension>
#8      FlutterCommand.verifyThenRunCommand (package:flutter_tools/src/runner/flutter_command.dart:401:18)
<asynchronous suspension>
#9      FlutterCommand.run.<anonymous closure> (package:flutter_tools/src/runner/flutter_command.dart:335:33)
<asynchronous suspension>
#10     AppContext.run.<anonymous closure> (package:flutter_tools/src/base/context.dart:142:29)
<asynchronous suspension>
#11     _rootRun (dart:async/zone.dart:1124:13)
#12     _CustomZone.run (dart:async/zone.dart:1021:19)
#13     _runZoned (dart:async/zone.dart:1516:10)
#14     runZoned (dart:async/zone.dart:1463:12)
#15     AppContext.run (package:flutter_tools/src/base/context.dart:141:18)
<asynchronous suspension>
#16     FlutterCommand.run (package:flutter_tools/src/runner/flutter_command.dart:326:20)
#17     CommandRunner.runCommand (package:args/command_runner.dart:196:27)
<asynchronous suspension>
#18     FlutterCommandRunner.runCommand.<anonymous closure> (package:flutter_tools/src/runner/flutter_command_runner.dart:401:21)
<asynchronous suspension>
#19     AppContext.run.<anonymous closure> (package:flutter_tools/src/base/context.dart:142:29)
<asynchronous suspension>
#20     _rootRun (dart:async/zone.dart:1124:13)
#21     _CustomZone.run (dart:async/zone.dart:1021:19)
#22     _runZoned (dart:async/zone.dart:1516:10)
#23     runZoned (dart:async/zone.dart:1463:12)
#24     AppContext.run (package:flutter_tools/src/base/context.dart:141:18)
<asynchronous suspension>
#25     FlutterCommandRunner.runCommand (package:flutter_tools/src/runner/flutter_command_runner.dart:361:19)
<asynchronous suspension>
#26     CommandRunner.run.<anonymous closure> (package:args/command_runner.dart:111:29)
#27     new Future.sync (dart:async/future.dart:224:31)
#28     CommandRunner.run (package:args/command_runner.dart:111:11)
#29     FlutterCommandRunner.run (package:flutter_tools/src/runner/flutter_command_runner.dart:241:18)
#30     run.<anonymous closure> (package:flutter_tools/runner.dart:60:20)
<asynchronous suspension>
#31     AppContext.run.<anonymous closure> (package:flutter_tools/src/base/context.dart:142:29)
<asynchronous suspension>
#32     _rootRun (dart:async/zone.dart:1124:13)
#33     _CustomZone.run (dart:async/zone.dart:1021:19)
#34     _runZoned (dart:async/zone.dart:1516:10)
#35     runZoned (dart:async/zone.dart:1463:12)
#36     AppContext.run (package:flutter_tools/src/base/context.dart:141:18)
<asynchronous suspension>
#37     runInContext (package:flutter_tools/src/context_runner.dart:43:24)
<asynchronous suspension>
#38     run (package:flutter_tools/runner.dart:51:10)
#39     main (package:flutter_tools/executable.dart:51:9)
<asynchronous suspension>
#40     main (file:///E:/b/build/slave/Windows_Flutter_Packaging/build/archive/flutter/packages/flutter_tools/bin/flutter_tools.dart:8:3)
#41     _startIsolate.<anonymous closure> (dart:isolate/runtime/libisolate_patch.dart:287:32)
#42     _RawReceivePortImpl._handleMessage (dart:isolate/runtime/libisolate_patch.dart:171:12)
```

## flutter doctor

```
[✓] Flutter (Channel stable, v1.0.0, on Microsoft Windows [Version 10.0.17134.590], locale en-IN)
    • Flutter version 1.0.0 at C:\Users\F22Labs\Downloads\flutter_windows_v1.0.0-stable\flutter
    • Framework revision 5391447fae (3 months ago), 2018-11-29 19:41:26 -0800
    • Engine revision 7375a0f414
    • Dart version 2.1.0 (build 2.1.0-dev.9.4 f9ebf21297)

[✓] Android toolchain - develop for Android devices (Android SDK 28.0.3)
    • Android SDK at C:\Users\F22Labs\AppData\Local\Android\sdk
    • Android NDK location not configured (optional; useful for native profiling support)
    • Platform android-28, build-tools 28.0.3
    • Java binary at: C:\Program Files\Android\Android Studio\jre\bin\java
    • Java version OpenJDK Runtime Environment (build 1.8.0_152-release-1136-b06)
    • All Android licenses accepted.

[✓] Android Studio (version 3.2)
    • Android Studio at C:\Program Files\Android\Android Studio
    • Flutter plugin version 31.3.1
    • Dart plugin version 181.5656
    • Java version OpenJDK Runtime Environment (build 1.8.0_152-release-1136-b06)

[✓] VS Code (version 1.31.1)
    • VS Code at C:\Users\F22Labs\AppData\Local\Programs\Microsoft VS Code
    • Flutter extension version 2.24.0

[✓] Connected device (1 available)
    • Moto C Plus • ZZ2222F7RD • android-arm • Android 7.0 (API 24)

• No issues found!
```
